<?xml version="1.0" encoding="UTF-8"?>
<testng-results ignored="0" total="1" passed="1" failed="0" skipped="0">
  <reporter-output>
  </reporter-output>
  <suite started-at="2026-01-05T20:30:40 IST" name="Default suite" finished-at="2026-01-05T20:32:17 IST" duration-ms="96624">
    <groups>
    </groups>
    <test started-at="2026-01-05T20:30:40 IST" name="Default test" finished-at="2026-01-05T20:32:17 IST" duration-ms="96624">
      <class name="tests.AmazonProductFlowTest">
        <test-method is-config="true" signature="setup()[pri:0, instance:tests.AmazonProductFlowTest@4082ba93]" started-at="2026-01-05T20:30:40 IST" name="setup" finished-at="2026-01-05T20:31:00 IST" duration-ms="20159" status="PASS">
          <reporter-output>
          </reporter-output>
        </test-method> <!-- setup -->
        <test-method signature="validateProductDetailsPage()[pri:0, instance:tests.AmazonProductFlowTest@4082ba93]" started-at="2026-01-05T20:31:00 IST" name="validateProductDetailsPage" finished-at="2026-01-05T20:32:16 IST" duration-ms="75721" status="PASS">
          <reporter-output>
          </reporter-output>
        </test-method> <!-- validateProductDetailsPage -->
        <test-method is-config="true" signature="tearDown()[pri:0, instance:tests.AmazonProductFlowTest@4082ba93]" started-at="2026-01-05T20:32:16 IST" name="tearDown" finished-at="2026-01-05T20:32:17 IST" duration-ms="656" status="PASS">
          <reporter-output>
          </reporter-output>
        </test-method> <!-- tearDown -->
      </class> <!-- tests.AmazonProductFlowTest -->
    </test> <!-- Default test -->
  </suite> <!-- Default suite -->
</testng-results>
